#
# There is insufficient memory for the Java Runtime Environment to continue.
# Native memory allocation (mmap) failed to map 4194304 bytes for G1 virtual space
# Possible reasons:
#   The system is out of physical RAM or swap space
#   The process is running with CompressedOops enabled, and the Java Heap may be blocking the growth of the native heap
# Possible solutions:
#   Reduce memory load on the system
#   Increase physical memory or swap space
#   Check if swap backing store is full
#   Decrease Java heap size (-Xmx/-Xms)
#   Decrease number of Java threads
#   Decrease Java thread stack sizes (-Xss)
#   Set larger code cache with -XX:ReservedCodeCacheSize=
#   JVM is running with Zero Based Compressed Oops mode in which the Java heap is
#     placed in the first 32GB address space. The Java Heap base address is the
#     maximum limit for the native heap growth. Please use -XX:HeapBaseMinAddress
#     to set the Java Heap base and to place the Java Heap above 32GB virtual address.
# This output file may be truncated or incomplete.
#
#  Out of Memory Error (os_windows.cpp:3532), pid=20520, tid=10040
#
# JRE version:  (17.0.2+8) (build )
# Java VM: Java HotSpot(TM) 64-Bit Server VM (17.0.2+8-LTS-86, mixed mode, sharing, tiered, compressed oops, compressed class ptrs, g1 gc, windows-amd64)
# No core dump will be written. Minidumps are not enabled by default on client versions of Windows
#

---------------  S U M M A R Y ------------

Command Line: -Dclassworlds.conf=C:\Program Files\NetBeans-13\netbeans\java\maven\bin\m2.conf -Dmaven.home=C:\Program Files\NetBeans-13\netbeans\java\maven -Dlibrary.jansi.path=C:\Program Files\NetBeans-13\netbeans\java\maven\lib\jansi-native -Dmaven.multiModuleProjectDirectory=C:\Users\binup\OneDrive\Documents\NetBeansProjects\BargainBin org.codehaus.plexus.classworlds.launcher.Launcher -Dexec.vmArgs= -Dexec.args=${exec.vmArgs} -classpath %classpath ${exec.mainClass} ${exec.appArgs} -Dexec.appArgs= -Dexec.mainClass=com.oop.BargainBin.BargainBin -Dexec.executable=C:\Program Files\Java\jdk-17.0.2\bin\java.exe -Dmaven.ext.class.path=C:\Program Files\NetBeans-13\netbeans\java\maven-nblib\netbeans-eventspy.jar -Dfile.encoding=UTF-8 org.codehaus.mojo:exec-maven-plugin:3.0.0:exec

Host: Intel(R) Xeon(R) CPU E5-2643 0 @ 3.30GHz, 16 cores, 15G,  Windows 10 , 64 bit Build 19041 (10.0.19041.1645)
Time: Sun May  1 19:38:24 2022 Eastern Daylight Time elapsed time: 0.039339 seconds (0d 0h 0m 0s)

---------------  T H R E A D  ---------------

Current thread (0x0000026be4153fe0):  JavaThread "Unknown thread" [_thread_in_vm, id=10040, stack(0x000000aa68100000,0x000000aa68200000)]

Stack: [0x000000aa68100000,0x000000aa68200000]
Native frames: (J=compiled Java code, j=interpreted, Vv=VM code, C=native code)
V  [jvm.dll+0x670baa]
V  [jvm.dll+0x7cfcb4]
V  [jvm.dll+0x7d145e]
V  [jvm.dll+0x7d1ac3]
V  [jvm.dll+0x242bc5]
V  [jvm.dll+0x66dac9]
V  [jvm.dll+0x662412]
V  [jvm.dll+0x300c0b]
V  [jvm.dll+0x3081a6]
V  [jvm.dll+0x357d23]
V  [jvm.dll+0x357f3f]
V  [jvm.dll+0x2d7ec8]
V  [jvm.dll+0x2d8e34]
V  [jvm.dll+0x7a18c1]
V  [jvm.dll+0x365a91]
V  [jvm.dll+0x780d2c]
V  [jvm.dll+0x3e845f]
V  [jvm.dll+0x3e9f01]
C  [jli.dll+0x527b]
C  [ucrtbase.dll+0x21bb2]
C  [KERNEL32.DLL+0x17034]
C  [ntdll.dll+0x52651]


---------------  P R O C E S S  ---------------

Threads class SMR info:
_java_thread_list=0x00007ffe62cb9858, length=0, elements={
}

Java Threads: ( => current thread )

Other Threads:
  0x0000026be41a17f0 GCTaskThread "GC Thread#0" [stack: 0x000000aa68200000,0x000000aa68300000] [id=21424]
  0x0000026be41b2680 ConcurrentGCThread "G1 Main Marker" [stack: 0x000000aa68300000,0x000000aa68400000] [id=19124]
  0x0000026be41b4840 ConcurrentGCThread "G1 Conc#0" [stack: 0x000000aa68400000,0x000000aa68500000] [id=3356]

[error occurred during error reporting (printing all threads), id 0xc0000005, EXCEPTION_ACCESS_VIOLATION (0xc0000005) at pc=0x00007ffe625088a7]

VM state: not at safepoint (not fully initialized)

VM Mutex/Monitor currently owned by a thread:  ([mutex/lock_event])
[0x0000026be41535e0] Heap_lock - owner thread: 0x0000026be4153fe0

Heap address: 0x0000000700a00000, size: 4086 MB, Compressed Oops mode: Zero based, Oop shift amount: 3

CDS archive(s) mapped at: [0x0000000000000000-0x0000000000000000-0x0000000000000000), size 0, SharedBaseAddress: 0x0000000800000000, ArchiveRelocationMode: 0.
Narrow klass base: 0x0000000000000000, Narrow klass shift: 0, Narrow klass range: 0x0

GC Precious Log:
<Empty>

Heap:
 garbage-first heap   total 0K, used 0K [0x0000000700a00000, 0x0000000800000000)
  region size 2048K, 0 young (0K), 0 survivors (0K)

[error occurred during error reporting (printing heap information), id 0xc0000005, EXCEPTION_ACCESS_VIOLATION (0xc0000005) at pc=0x00007ffe628e9f19]

GC Heap History (0 events):
No events

Deoptimization events (0 events):
No events

Classes unloaded (0 events):
No events

Classes redefined (0 events):
No events

Internal exceptions (0 events):
No events

VM Operations (0 events):
No events

Events (1 events):
Event: 0.020 Loaded shared library C:\Program Files\Java\jdk-17.0.2\bin\java.dll


Dynamic libraries:
0x00007ff675a50000 - 0x00007ff675a60000 	C:\Program Files\Java\jdk-17.0.2\bin\java.exe
0x00007ffe8f850000 - 0x00007ffe8fa45000 	C:\Windows\SYSTEM32\ntdll.dll
0x00007ffe8d9e0000 - 0x00007ffe8da9e000 	C:\Windows\System32\KERNEL32.DLL
0x00007ffe8d010000 - 0x00007ffe8d2d8000 	C:\Windows\System32\KERNELBASE.dll
0x00007ffe8d720000 - 0x00007ffe8d820000 	C:\Windows\System32\ucrtbase.dll
0x00007ffe883a0000 - 0x00007ffe883ba000 	C:\Program Files\Java\jdk-17.0.2\bin\VCRUNTIME140.dll
0x00007ffe7ac50000 - 0x00007ffe7ac68000 	C:\Program Files\Java\jdk-17.0.2\bin\jli.dll
0x00007ffe8e1b0000 - 0x00007ffe8e25e000 	C:\Windows\System32\ADVAPI32.dll
0x00007ffe8e5e0000 - 0x00007ffe8e67e000 	C:\Windows\System32\msvcrt.dll
0x00007ffe8efd0000 - 0x00007ffe8f06c000 	C:\Windows\System32\sechost.dll
0x00007ffe8daa0000 - 0x00007ffe8dbc5000 	C:\Windows\System32\RPCRT4.dll
0x00007ffe8f640000 - 0x00007ffe8f7e0000 	C:\Windows\System32\USER32.dll
0x00007ffe8cfe0000 - 0x00007ffe8d002000 	C:\Windows\System32\win32u.dll
0x00007ffe7ed50000 - 0x00007ffe7efea000 	C:\Windows\WinSxS\amd64_microsoft.windows.common-controls_6595b64144ccf1df_6.0.19041.1110_none_60b5254171f9507e\COMCTL32.dll
0x00007ffe8f7e0000 - 0x00007ffe8f80a000 	C:\Windows\System32\GDI32.dll
0x00007ffe8d570000 - 0x00007ffe8d67b000 	C:\Windows\System32\gdi32full.dll
0x00007ffe8d680000 - 0x00007ffe8d71d000 	C:\Windows\System32\msvcp_win.dll
0x00007ffe86cb0000 - 0x00007ffe86cba000 	C:\Windows\SYSTEM32\VERSION.dll
0x00007ffe8e680000 - 0x00007ffe8e6b0000 	C:\Windows\System32\IMM32.DLL
0x00007ffe88b50000 - 0x00007ffe88b5c000 	C:\Program Files\Java\jdk-17.0.2\bin\vcruntime140_1.dll
0x00007ffe75960000 - 0x00007ffe759ed000 	C:\Program Files\Java\jdk-17.0.2\bin\msvcp140.dll
0x00007ffe62220000 - 0x00007ffe62de1000 	C:\Program Files\Java\jdk-17.0.2\bin\server\jvm.dll
0x00007ffe8e1a0000 - 0x00007ffe8e1a8000 	C:\Windows\System32\PSAPI.DLL
0x00007ffe70670000 - 0x00007ffe70679000 	C:\Windows\SYSTEM32\WSOCK32.dll
0x00007ffe83be0000 - 0x00007ffe83c07000 	C:\Windows\SYSTEM32\WINMM.dll
0x00007ffe8f510000 - 0x00007ffe8f57b000 	C:\Windows\System32\WS2_32.dll
0x00007ffe8aeb0000 - 0x00007ffe8aec2000 	C:\Windows\SYSTEM32\kernel.appcore.dll
0x00007ffe88380000 - 0x00007ffe8838a000 	C:\Program Files\Java\jdk-17.0.2\bin\jimage.dll
0x00007ffe85b30000 - 0x00007ffe85d14000 	C:\Windows\SYSTEM32\DBGHELP.DLL
0x00007ffe83d60000 - 0x00007ffe83d8c000 	C:\Windows\SYSTEM32\dbgcore.DLL
0x00007ffe8d820000 - 0x00007ffe8d8a2000 	C:\Windows\System32\bcryptPrimitives.dll
0x00007ffe7ce10000 - 0x00007ffe7ce35000 	C:\Program Files\Java\jdk-17.0.2\bin\java.dll

dbghelp: loaded successfully - version: 4.0.5 - missing functions: none
symbol engine: initialized successfully - sym options: 0x614 - pdb path: .;C:\Program Files\Java\jdk-17.0.2\bin;C:\Windows\SYSTEM32;C:\Windows\WinSxS\amd64_microsoft.windows.common-controls_6595b64144ccf1df_6.0.19041.1110_none_60b5254171f9507e;C:\Program Files\Java\jdk-17.0.2\bin\server

VM Arguments:
jvm_args: -Dclassworlds.conf=C:\Program Files\NetBeans-13\netbeans\java\maven\bin\m2.conf -Dmaven.home=C:\Program Files\NetBeans-13\netbeans\java\maven -Dlibrary.jansi.path=C:\Program Files\NetBeans-13\netbeans\java\maven\lib\jansi-native -Dmaven.multiModuleProjectDirectory=C:\Users\binup\OneDrive\Documents\NetBeansProjects\BargainBin 
java_command: org.codehaus.plexus.classworlds.launcher.Launcher -Dexec.vmArgs= -Dexec.args=${exec.vmArgs} -classpath %classpath ${exec.mainClass} ${exec.appArgs} -Dexec.appArgs= -Dexec.mainClass=com.oop.BargainBin.BargainBin -Dexec.executable=C:\Program Files\Java\jdk-17.0.2\bin\java.exe -Dmaven.ext.class.path=C:\Program Files\NetBeans-13\netbeans\java\maven-nblib\netbeans-eventspy.jar -Dfile.encoding=UTF-8 org.codehaus.mojo:exec-maven-plugin:3.0.0:exec
java_class_path (initial): C:\Program Files\NetBeans-13\netbeans\java\maven\boot\plexus-classworlds-2.6.0.jar
Launcher Type: SUN_STANDARD

[Global flags]
     intx CICompilerCount                          = 12                                        {product} {ergonomic}
     uint ConcGCThreads                            = 3                                         {product} {ergonomic}
     uint G1ConcRefinementThreads                  = 13                                        {product} {ergonomic}
   size_t G1HeapRegionSize                         = 2097152                                   {product} {ergonomic}
    uintx GCDrainStackTargetSize                   = 64                                        {product} {ergonomic}
   size_t InitialHeapSize                          = 268435456                                 {product} {ergonomic}
   size_t MarkStackSize                            = 4194304                                   {product} {ergonomic}
   size_t MaxHeapSize                              = 4284481536                                {product} {ergonomic}
   size_t MinHeapDeltaBytes                        = 2097152                                   {product} {ergonomic}
   size_t MinHeapSize                              = 8388608                                   {product} {ergonomic}
    uintx NonNMethodCodeHeapSize                   = 7602480                                {pd product} {ergonomic}
    uintx NonProfiledCodeHeapSize                  = 122027880                              {pd product} {ergonomic}
    uintx ProfiledCodeHeapSize                     = 122027880                              {pd product} {ergonomic}
    uintx ReservedCodeCacheSize                    = 251658240                              {pd product} {ergonomic}
     bool SegmentedCodeCache                       = true                                      {product} {ergonomic}
   size_t SoftMaxHeapSize                          = 4284481536                             {manageable} {ergonomic}
     bool UseCompressedClassPointers               = true                           {product lp64_product} {ergonomic}
     bool UseCompressedOops                        = true                           {product lp64_product} {ergonomic}
     bool UseG1GC                                  = true                                      {product} {ergonomic}
     bool UseLargePagesIndividualAllocation        = false                                  {pd product} {ergonomic}

Logging:
Log output configuration:
 #0: stdout all=warning uptime,level,tags
 #1: stderr all=off uptime,level,tags

Environment Variables:
JAVA_HOME=C:\Program Files\Java\jdk-17.0.2
PATH=C:\Program Files\Common Files\Oracle\Java\javapath;C:\Program Files (x86)\Common Files\Oracle\Java\javapath;C:\Windows\system32;C:\Windows;C:\Windows\System32\Wbem;C:\Windows\System32\WindowsPowerShell\v1.0\;C:\Windows\System32\OpenSSH\;C:\Users\home\AppData\Local\Microsoft\WindowsApps;C:\adb;C:\Program Files\Git\cmd;C:\Program Files\Microsoft SQL Server\130\Tools\Binn\;C:\Program Files\nodejs\;C:\Users\binup\AppData\Local\Microsoft\WindowsApps;C:\Users\binup\AppData\Local\Programs\Microsoft VS Code\bin;C:\Users\binup\AppData\Roaming\npm
USERNAME=binup
OS=Windows_NT
PROCESSOR_IDENTIFIER=Intel64 Family 6 Model 45 Stepping 7, GenuineIntel



---------------  S Y S T E M  ---------------

OS:
 Windows 10 , 64 bit Build 19041 (10.0.19041.1645)
OS uptime: 4 days 6:32 hours

CPU: total 16 (initial active 16) (4 cores per cpu, 2 threads per core) family 6 model 45 stepping 7 microcode 0x718, cx8, cmov, fxsr, ht, mmx, sse, sse2, sse3, ssse3, sse4.1, sse4.2, popcnt, tsc, tscinvbit, avx, aes, clmul, vzeroupper, clflush

Memory: 4k page, system-wide physical 16341M (4455M free)
TotalPageFile size 43046M (AvailPageFile size 6M)
current process WorkingSet (physical memory assigned to process): 10M, peak: 10M
current process commit charge ("private bytes"): 327M, peak: 331M

vm_info: Java HotSpot(TM) 64-Bit Server VM (17.0.2+8-LTS-86) for windows-amd64 JRE (17.0.2+8-LTS-86), built on Dec  7 2021 21:51:03 by "mach5one" with MS VC++ 16.8 / 16.9 (VS2019)

END.
